<?xml version="1.0" encoding="UTF-8"?>
<!-- Generated by org.testng.reporters.JUnitReportReporter -->
<testsuite hostname="MacBookPro.lan" failures="0" tests="2" name="com.jobportal.newComersJobBoardTest.seekerendToEndTest" time="3.476" errors="1" timestamp="2025-08-29T11:33:28 IST" skipped="0">
  <testcase classname="com.jobportal.newComersJobBoardTest.seekerendToEndTest" name="confiAS" time="0.009">
    <error message="Cannot invoke &quot;com.aventstack.extentreports.ExtentReports.flush()&quot; because &quot;com.Jobportal.newComersJobBoard.generic.basetest.BaseClass.report&quot; is null" type="java.lang.NullPointerException">
      <![CDATA[java.lang.NullPointerException: Cannot invoke "com.aventstack.extentreports.ExtentReports.flush()" because "com.Jobportal.newComersJobBoard.generic.basetest.BaseClass.report" is null
at com.Jobportal.newComersJobBoard.generic.basetest.BaseClass.confiAS(BaseClass.java:97)
at java.base/jdk.internal.reflect.DirectMethodHandleAccessor.invoke(DirectMethodHandleAccessor.java:103)
at java.base/java.lang.reflect.Method.invoke(Method.java:580)
at org.testng.internal.invokers.MethodInvocationHelper.invokeMethod(MethodInvocationHelper.java:139)
at org.testng.internal.invokers.MethodInvocationHelper.invokeMethodConsideringTimeout(MethodInvocationHelper.java:69)
at org.testng.internal.invokers.ConfigInvoker.invokeConfigurationMethod(ConfigInvoker.java:361)
at org.testng.internal.invokers.ConfigInvoker.invokeConfigurations(ConfigInvoker.java:296)
at org.testng.SuiteRunner.privateRun(SuiteRunner.java:404)
at org.testng.SuiteRunner.run(SuiteRunner.java:330)
at org.testng.SuiteRunnerWorker.runSuite(SuiteRunnerWorker.java:52)
at org.testng.SuiteRunnerWorker.run(SuiteRunnerWorker.java:95)
at org.testng.TestNG.runSuitesSequentially(TestNG.java:1256)
at org.testng.TestNG.runSuitesLocally(TestNG.java:1176)
at org.testng.TestNG.runSuites(TestNG.java:1099)
at org.testng.TestNG.run(TestNG.java:1067)
at org.testng.remote.AbstractRemoteTestNG.run(AbstractRemoteTestNG.java:115)
at org.testng.remote.RemoteTestNG.initAndRun(RemoteTestNG.java:293)
at org.testng.remote.RemoteTestNG.main(RemoteTestNG.java:91)
]]>
    </error>
  </testcase> <!-- confiAS -->
  <system-out/>
  <testcase classname="com.jobportal.newComersJobBoardTest.seekerendToEndTest" name="login" time="3.467"/>
  <system-out/>
</testsuite> <!-- com.jobportal.newComersJobBoardTest.seekerendToEndTest -->
